0 info it worked if it ends with ok
1 verbose cli [ '/usr/local/Cellar/node/5.10.1/bin/node',
1 verbose cli   '/usr/local/bin/npm',
1 verbose cli   'install',
1 verbose cli   'hangar-factory-girl' ]
2 info using npm@3.8.6
3 info using node@v5.10.1
4 silly loadCurrentTree Starting
5 silly install loadCurrentTree
6 silly install readLocalPackageData
7 silly fetchPackageMetaData hangar-factory-girl
8 silly fetchNamedPackageData hangar-factory-girl
9 silly mapToRegistry name hangar-factory-girl
10 silly mapToRegistry using default registry
11 silly mapToRegistry registry https://registry.npmjs.org/
12 silly mapToRegistry data Result {
12 silly mapToRegistry   raw: 'hangar-factory-girl',
12 silly mapToRegistry   scope: null,
12 silly mapToRegistry   name: 'hangar-factory-girl',
12 silly mapToRegistry   rawSpec: '',
12 silly mapToRegistry   spec: 'latest',
12 silly mapToRegistry   type: 'tag' }
13 silly mapToRegistry uri https://registry.npmjs.org/hangar-factory-girl
14 verbose request uri https://registry.npmjs.org/hangar-factory-girl
15 verbose request no auth needed
16 info attempt registry request try #1 at 4:10:36 PM
17 verbose request id 5a30484493b7314e
18 verbose etag "8JAJ4K4GBASQGK5VPZ6TFMIWC"
19 http request GET https://registry.npmjs.org/hangar-factory-girl
20 http 304 https://registry.npmjs.org/hangar-factory-girl
21 verbose headers { date: 'Thu, 14 Apr 2016 13:10:37 GMT',
21 verbose headers   via: '1.1 varnish',
21 verbose headers   'cache-control': 'max-age=300',
21 verbose headers   etag: '"8JAJ4K4GBASQGK5VPZ6TFMIWC"',
21 verbose headers   age: '0',
21 verbose headers   connection: 'keep-alive',
21 verbose headers   'x-served-by': 'cache-fra1247-FRA',
21 verbose headers   'x-cache': 'MISS',
21 verbose headers   'x-cache-hits': '0',
21 verbose headers   'x-timer': 'S1460639437.001665,VS0,VE196',
21 verbose headers   vary: 'Accept-Encoding' }
22 silly get cb [ 304,
22 silly get   { date: 'Thu, 14 Apr 2016 13:10:37 GMT',
22 silly get     via: '1.1 varnish',
22 silly get     'cache-control': 'max-age=300',
22 silly get     etag: '"8JAJ4K4GBASQGK5VPZ6TFMIWC"',
22 silly get     age: '0',
22 silly get     connection: 'keep-alive',
22 silly get     'x-served-by': 'cache-fra1247-FRA',
22 silly get     'x-cache': 'MISS',
22 silly get     'x-cache-hits': '0',
22 silly get     'x-timer': 'S1460639437.001665,VS0,VE196',
22 silly get     vary: 'Accept-Encoding' } ]
23 verbose etag https://registry.npmjs.org/hangar-factory-girl from cache
24 verbose get saving hangar-factory-girl to /Users/ptoivanen/.npm/registry.npmjs.org/hangar-factory-girl/.cache.json
25 verbose correctMkdir /Users/ptoivanen/.npm correctMkdir not in flight; initializing
26 silly install normalizeTree
27 silly loadCurrentTree Finishing
28 silly loadIdealTree Starting
29 silly install loadIdealTree
30 silly cloneCurrentTree Starting
31 silly install cloneCurrentTreeToIdealTree
32 silly cloneCurrentTree Finishing
33 silly loadShrinkwrap Starting
34 silly install loadShrinkwrap
35 silly loadShrinkwrap Finishing
36 silly loadAllDepsIntoIdealTree Starting
37 silly install loadAllDepsIntoIdealTree
38 silly resolveWithNewModule hangar-factory-girl@0.1.3 checking installable status
39 silly cache add args [ 'hangar-factory-girl', null ]
40 verbose cache add spec hangar-factory-girl
41 silly cache add parsed spec Result {
41 silly cache add   raw: 'hangar-factory-girl',
41 silly cache add   scope: null,
41 silly cache add   name: 'hangar-factory-girl',
41 silly cache add   rawSpec: '',
41 silly cache add   spec: 'latest',
41 silly cache add   type: 'tag' }
42 silly addNamed hangar-factory-girl@latest
43 verbose addNamed "latest" is being treated as a dist-tag for hangar-factory-girl
44 info addNameTag [ 'hangar-factory-girl', 'latest' ]
45 silly mapToRegistry name hangar-factory-girl
46 silly mapToRegistry using default registry
47 silly mapToRegistry registry https://registry.npmjs.org/
48 silly mapToRegistry data Result {
48 silly mapToRegistry   raw: 'hangar-factory-girl',
48 silly mapToRegistry   scope: null,
48 silly mapToRegistry   name: 'hangar-factory-girl',
48 silly mapToRegistry   rawSpec: '',
48 silly mapToRegistry   spec: 'latest',
48 silly mapToRegistry   type: 'tag' }
49 silly mapToRegistry uri https://registry.npmjs.org/hangar-factory-girl
50 verbose addNameTag registry:https://registry.npmjs.org/hangar-factory-girl not in flight; fetching
51 verbose get https://registry.npmjs.org/hangar-factory-girl not expired, no request
52 silly addNameTag next cb for hangar-factory-girl with tag latest
53 silly addNamed hangar-factory-girl@0.1.3
54 verbose addNamed "0.1.3" is a plain semver version for hangar-factory-girl
55 silly cache afterAdd hangar-factory-girl@0.1.3
56 verbose afterAdd /Users/ptoivanen/.npm/hangar-factory-girl/0.1.3/package/package.json not in flight; writing
57 verbose correctMkdir /Users/ptoivanen/.npm correctMkdir not in flight; initializing
58 verbose afterAdd /Users/ptoivanen/.npm/hangar-factory-girl/0.1.3/package/package.json written
59 silly fetchNamedPackageData http-sync
60 silly mapToRegistry name http-sync
61 silly mapToRegistry using default registry
62 silly mapToRegistry registry https://registry.npmjs.org/
63 silly mapToRegistry data Result {
63 silly mapToRegistry   raw: 'http-sync',
63 silly mapToRegistry   scope: null,
63 silly mapToRegistry   name: 'http-sync',
63 silly mapToRegistry   rawSpec: '',
63 silly mapToRegistry   spec: 'latest',
63 silly mapToRegistry   type: 'tag' }
64 silly mapToRegistry uri https://registry.npmjs.org/http-sync
65 verbose request uri https://registry.npmjs.org/http-sync
66 verbose request no auth needed
67 info attempt registry request try #1 at 4:10:37 PM
68 verbose etag "A23FS0GW58LKL4D3IR87B7YI0"
69 http request GET https://registry.npmjs.org/http-sync
70 http 304 https://registry.npmjs.org/http-sync
71 verbose headers { date: 'Thu, 14 Apr 2016 13:10:37 GMT',
71 verbose headers   via: '1.1 varnish',
71 verbose headers   'cache-control': 'max-age=300',
71 verbose headers   etag: '"A23FS0GW58LKL4D3IR87B7YI0"',
71 verbose headers   age: '0',
71 verbose headers   connection: 'keep-alive',
71 verbose headers   'x-served-by': 'cache-fra1247-FRA',
71 verbose headers   'x-cache': 'MISS',
71 verbose headers   'x-cache-hits': '0',
71 verbose headers   'x-timer': 'S1460639437.319725,VS0,VE434',
71 verbose headers   vary: 'Accept-Encoding' }
72 silly get cb [ 304,
72 silly get   { date: 'Thu, 14 Apr 2016 13:10:37 GMT',
72 silly get     via: '1.1 varnish',
72 silly get     'cache-control': 'max-age=300',
72 silly get     etag: '"A23FS0GW58LKL4D3IR87B7YI0"',
72 silly get     age: '0',
72 silly get     connection: 'keep-alive',
72 silly get     'x-served-by': 'cache-fra1247-FRA',
72 silly get     'x-cache': 'MISS',
72 silly get     'x-cache-hits': '0',
72 silly get     'x-timer': 'S1460639437.319725,VS0,VE434',
72 silly get     vary: 'Accept-Encoding' } ]
73 verbose etag https://registry.npmjs.org/http-sync from cache
74 verbose get saving http-sync to /Users/ptoivanen/.npm/registry.npmjs.org/http-sync/.cache.json
75 verbose correctMkdir /Users/ptoivanen/.npm correctMkdir not in flight; initializing
76 silly resolveWithNewModule http-sync@0.1.2 checking installable status
77 silly cache add args [ 'http-sync@>= 0.0.5', null ]
78 verbose cache add spec http-sync@>= 0.0.5
79 silly cache add parsed spec Result {
79 silly cache add   raw: 'http-sync@>= 0.0.5',
79 silly cache add   scope: null,
79 silly cache add   name: 'http-sync',
79 silly cache add   rawSpec: '>= 0.0.5',
79 silly cache add   spec: '>=0.0.5',
79 silly cache add   type: 'range' }
80 silly addNamed http-sync@>=0.0.5
81 verbose addNamed ">=0.0.5" is a valid semver range for http-sync
82 silly addNameRange { name: 'http-sync', range: '>=0.0.5', hasData: false }
83 silly mapToRegistry name http-sync
84 silly mapToRegistry using default registry
85 silly mapToRegistry registry https://registry.npmjs.org/
86 silly mapToRegistry data Result {
86 silly mapToRegistry   raw: 'http-sync',
86 silly mapToRegistry   scope: null,
86 silly mapToRegistry   name: 'http-sync',
86 silly mapToRegistry   rawSpec: '',
86 silly mapToRegistry   spec: 'latest',
86 silly mapToRegistry   type: 'tag' }
87 silly mapToRegistry uri https://registry.npmjs.org/http-sync
88 verbose addNameRange registry:https://registry.npmjs.org/http-sync not in flight; fetching
89 verbose get https://registry.npmjs.org/http-sync not expired, no request
90 silly addNameRange number 2 { name: 'http-sync', range: '>=0.0.5', hasData: true }
91 silly addNameRange versions [ 'http-sync',
91 silly addNameRange   [ '0.0.1',
91 silly addNameRange     '0.0.2',
91 silly addNameRange     '0.0.3',
91 silly addNameRange     '0.0.4',
91 silly addNameRange     '0.0.5',
91 silly addNameRange     '0.1.0',
91 silly addNameRange     '0.1.1',
91 silly addNameRange     '0.1.2' ] ]
92 silly addNamed http-sync@0.1.2
93 verbose addNamed "0.1.2" is a plain semver version for http-sync
94 silly cache afterAdd http-sync@0.1.2
95 verbose afterAdd /Users/ptoivanen/.npm/http-sync/0.1.2/package/package.json not in flight; writing
96 verbose correctMkdir /Users/ptoivanen/.npm correctMkdir not in flight; initializing
97 verbose afterAdd /Users/ptoivanen/.npm/http-sync/0.1.2/package/package.json written
98 silly fetchNamedPackageData nan
99 silly mapToRegistry name nan
100 silly mapToRegistry using default registry
101 silly mapToRegistry registry https://registry.npmjs.org/
102 silly mapToRegistry data Result {
102 silly mapToRegistry   raw: 'nan',
102 silly mapToRegistry   scope: null,
102 silly mapToRegistry   name: 'nan',
102 silly mapToRegistry   rawSpec: '',
102 silly mapToRegistry   spec: 'latest',
102 silly mapToRegistry   type: 'tag' }
103 silly mapToRegistry uri https://registry.npmjs.org/nan
104 silly fetchNamedPackageData caseless
105 silly mapToRegistry name caseless
106 silly mapToRegistry using default registry
107 silly mapToRegistry registry https://registry.npmjs.org/
108 silly mapToRegistry data Result {
108 silly mapToRegistry   raw: 'caseless',
108 silly mapToRegistry   scope: null,
108 silly mapToRegistry   name: 'caseless',
108 silly mapToRegistry   rawSpec: '',
108 silly mapToRegistry   spec: 'latest',
108 silly mapToRegistry   type: 'tag' }
109 silly mapToRegistry uri https://registry.npmjs.org/caseless
110 verbose request uri https://registry.npmjs.org/caseless
111 verbose request no auth needed
112 info attempt registry request try #1 at 4:10:37 PM
113 verbose etag "31X3RJHEJY3DII8ZZ4JC45YBC"
114 http request GET https://registry.npmjs.org/caseless
115 verbose request uri https://registry.npmjs.org/nan
116 verbose request no auth needed
117 info attempt registry request try #1 at 4:10:37 PM
118 verbose etag "2UZKQOUIL0TMX4WY7FZ5Q5HJQ"
119 http request GET https://registry.npmjs.org/nan
120 http 304 https://registry.npmjs.org/caseless
121 verbose headers { date: 'Thu, 14 Apr 2016 13:10:37 GMT',
121 verbose headers   via: '1.1 varnish',
121 verbose headers   'cache-control': 'max-age=300',
121 verbose headers   etag: '"31X3RJHEJY3DII8ZZ4JC45YBC"',
121 verbose headers   age: '115',
121 verbose headers   connection: 'keep-alive',
121 verbose headers   'x-served-by': 'cache-fra1247-FRA',
121 verbose headers   'x-cache': 'HIT',
121 verbose headers   'x-cache-hits': '5',
121 verbose headers   'x-timer': 'S1460639437.919699,VS0,VE0',
121 verbose headers   vary: 'Accept-Encoding' }
122 silly get cb [ 304,
122 silly get   { date: 'Thu, 14 Apr 2016 13:10:37 GMT',
122 silly get     via: '1.1 varnish',
122 silly get     'cache-control': 'max-age=300',
122 silly get     etag: '"31X3RJHEJY3DII8ZZ4JC45YBC"',
122 silly get     age: '115',
122 silly get     connection: 'keep-alive',
122 silly get     'x-served-by': 'cache-fra1247-FRA',
122 silly get     'x-cache': 'HIT',
122 silly get     'x-cache-hits': '5',
122 silly get     'x-timer': 'S1460639437.919699,VS0,VE0',
122 silly get     vary: 'Accept-Encoding' } ]
123 verbose etag https://registry.npmjs.org/caseless from cache
124 verbose get saving caseless to /Users/ptoivanen/.npm/registry.npmjs.org/caseless/.cache.json
125 verbose correctMkdir /Users/ptoivanen/.npm correctMkdir not in flight; initializing
126 silly resolveWithNewModule caseless@0.9.0 checking installable status
127 silly cache add args [ 'caseless@~0.9.0', null ]
128 verbose cache add spec caseless@~0.9.0
129 silly cache add parsed spec Result {
129 silly cache add   raw: 'caseless@~0.9.0',
129 silly cache add   scope: null,
129 silly cache add   name: 'caseless',
129 silly cache add   rawSpec: '~0.9.0',
129 silly cache add   spec: '>=0.9.0 <0.10.0',
129 silly cache add   type: 'range' }
130 silly addNamed caseless@>=0.9.0 <0.10.0
131 verbose addNamed ">=0.9.0 <0.10.0" is a valid semver range for caseless
132 silly addNameRange { name: 'caseless', range: '>=0.9.0 <0.10.0', hasData: false }
133 silly mapToRegistry name caseless
134 silly mapToRegistry using default registry
135 silly mapToRegistry registry https://registry.npmjs.org/
136 silly mapToRegistry data Result {
136 silly mapToRegistry   raw: 'caseless',
136 silly mapToRegistry   scope: null,
136 silly mapToRegistry   name: 'caseless',
136 silly mapToRegistry   rawSpec: '',
136 silly mapToRegistry   spec: 'latest',
136 silly mapToRegistry   type: 'tag' }
137 silly mapToRegistry uri https://registry.npmjs.org/caseless
138 verbose addNameRange registry:https://registry.npmjs.org/caseless not in flight; fetching
139 verbose get https://registry.npmjs.org/caseless not expired, no request
140 silly addNameRange number 2 { name: 'caseless', range: '>=0.9.0 <0.10.0', hasData: true }
141 silly addNameRange versions [ 'caseless',
141 silly addNameRange   [ '0.1.0',
141 silly addNameRange     '0.2.0',
141 silly addNameRange     '0.3.0',
141 silly addNameRange     '0.4.0',
141 silly addNameRange     '0.5.0',
141 silly addNameRange     '0.6.0',
141 silly addNameRange     '0.7.0',
141 silly addNameRange     '0.8.0',
141 silly addNameRange     '0.9.0',
141 silly addNameRange     '0.10.0',
141 silly addNameRange     '0.11.0' ] ]
142 silly addNamed caseless@0.9.0
143 verbose addNamed "0.9.0" is a plain semver version for caseless
144 silly cache afterAdd caseless@0.9.0
145 verbose afterAdd /Users/ptoivanen/.npm/caseless/0.9.0/package/package.json not in flight; writing
146 verbose correctMkdir /Users/ptoivanen/.npm correctMkdir not in flight; initializing
147 verbose afterAdd /Users/ptoivanen/.npm/caseless/0.9.0/package/package.json written
148 http 200 https://registry.npmjs.org/nan
149 verbose headers { server: 'CouchDB/1.5.0 (Erlang OTP/R16B03)',
149 verbose headers   etag: '"AMYO33W3HWPQSAR0OWT2GZRTB"',
149 verbose headers   'content-type': 'application/json',
149 verbose headers   'content-encoding': 'gzip',
149 verbose headers   'cache-control': 'max-age=300',
149 verbose headers   'content-length': '7932',
149 verbose headers   'accept-ranges': 'bytes',
149 verbose headers   date: 'Thu, 14 Apr 2016 13:10:37 GMT',
149 verbose headers   via: '1.1 varnish',
149 verbose headers   age: '123',
149 verbose headers   connection: 'keep-alive',
149 verbose headers   'x-served-by': 'cache-fra1250-FRA',
149 verbose headers   'x-cache': 'HIT',
149 verbose headers   'x-cache-hits': '4',
149 verbose headers   'x-timer': 'S1460639437.997903,VS0,VE0',
149 verbose headers   vary: 'Accept-Encoding' }
150 silly get cb [ 200,
150 silly get   { server: 'CouchDB/1.5.0 (Erlang OTP/R16B03)',
150 silly get     etag: '"AMYO33W3HWPQSAR0OWT2GZRTB"',
150 silly get     'content-type': 'application/json',
150 silly get     'content-encoding': 'gzip',
150 silly get     'cache-control': 'max-age=300',
150 silly get     'content-length': '7932',
150 silly get     'accept-ranges': 'bytes',
150 silly get     date: 'Thu, 14 Apr 2016 13:10:37 GMT',
150 silly get     via: '1.1 varnish',
150 silly get     age: '123',
150 silly get     connection: 'keep-alive',
150 silly get     'x-served-by': 'cache-fra1250-FRA',
150 silly get     'x-cache': 'HIT',
150 silly get     'x-cache-hits': '4',
150 silly get     'x-timer': 'S1460639437.997903,VS0,VE0',
150 silly get     vary: 'Accept-Encoding' } ]
151 verbose get saving nan to /Users/ptoivanen/.npm/registry.npmjs.org/nan/.cache.json
152 verbose correctMkdir /Users/ptoivanen/.npm correctMkdir not in flight; initializing
153 silly resolveWithNewModule nan@1.8.4 checking installable status
154 silly cache add args [ 'nan@~1.8.0', null ]
155 verbose cache add spec nan@~1.8.0
156 silly cache add parsed spec Result {
156 silly cache add   raw: 'nan@~1.8.0',
156 silly cache add   scope: null,
156 silly cache add   name: 'nan',
156 silly cache add   rawSpec: '~1.8.0',
156 silly cache add   spec: '>=1.8.0 <1.9.0',
156 silly cache add   type: 'range' }
157 silly addNamed nan@>=1.8.0 <1.9.0
158 verbose addNamed ">=1.8.0 <1.9.0" is a valid semver range for nan
159 silly addNameRange { name: 'nan', range: '>=1.8.0 <1.9.0', hasData: false }
160 silly mapToRegistry name nan
161 silly mapToRegistry using default registry
162 silly mapToRegistry registry https://registry.npmjs.org/
163 silly mapToRegistry data Result {
163 silly mapToRegistry   raw: 'nan',
163 silly mapToRegistry   scope: null,
163 silly mapToRegistry   name: 'nan',
163 silly mapToRegistry   rawSpec: '',
163 silly mapToRegistry   spec: 'latest',
163 silly mapToRegistry   type: 'tag' }
164 silly mapToRegistry uri https://registry.npmjs.org/nan
165 verbose addNameRange registry:https://registry.npmjs.org/nan not in flight; fetching
166 verbose get https://registry.npmjs.org/nan not expired, no request
167 silly addNameRange number 2 { name: 'nan', range: '>=1.8.0 <1.9.0', hasData: true }
168 silly addNameRange versions [ 'nan',
168 silly addNameRange   [ '0.3.0-wip',
168 silly addNameRange     '0.3.0-wip2',
168 silly addNameRange     '0.3.0',
168 silly addNameRange     '0.3.1',
168 silly addNameRange     '0.3.2',
168 silly addNameRange     '0.4.0',
168 silly addNameRange     '0.4.1',
168 silly addNameRange     '0.4.2',
168 silly addNameRange     '0.4.3',
168 silly addNameRange     '0.4.4',
168 silly addNameRange     '0.5.0',
168 silly addNameRange     '0.5.1',
168 silly addNameRange     '0.5.2',
168 silly addNameRange     '0.6.0',
168 silly addNameRange     '0.7.0',
168 silly addNameRange     '0.7.1',
168 silly addNameRange     '0.8.0',
168 silly addNameRange     '1.0.0',
168 silly addNameRange     '1.1.0',
168 silly addNameRange     '1.1.1',
168 silly addNameRange     '1.1.2',
168 silly addNameRange     '1.2.0',
168 silly addNameRange     '1.3.0',
168 silly addNameRange     '1.4.0',
168 silly addNameRange     '1.4.1',
168 silly addNameRange     '1.5.0',
168 silly addNameRange     '1.4.2',
168 silly addNameRange     '1.4.3',
168 silly addNameRange     '1.5.1',
168 silly addNameRange     '1.5.2',
168 silly addNameRange     '1.6.0',
168 silly addNameRange     '1.5.3',
168 silly addNameRange     '1.6.1',
168 silly addNameRange     '1.6.2',
168 silly addNameRange     '1.7.0',
168 silly addNameRange     '1.8.0',
168 silly addNameRange     '1.8.1',
168 silly addNameRange     '1.8.2',
168 silly addNameRange     '1.8.3',
168 silly addNameRange     '1.8.4',
168 silly addNameRange     '1.9.0',
168 silly addNameRange     '2.0.0',
168 silly addNameRange     '2.0.1',
168 silly addNameRange     '2.0.2',
168 silly addNameRange     '2.0.3',
168 silly addNameRange     '2.0.4',
168 silly addNameRange     '2.0.5',
168 silly addNameRange     '2.0.6',
168 silly addNameRange     '2.0.7',
168 silly addNameRange     '2.0.8',
168 silly addNameRange     '2.0.9',
168 silly addNameRange     '2.1.0',
168 silly addNameRange     '2.2.0',
168 silly addNameRange     '2.2.1' ] ]
169 silly addNamed nan@1.8.4
170 verbose addNamed "1.8.4" is a plain semver version for nan
171 silly cache afterAdd nan@1.8.4
172 verbose afterAdd /Users/ptoivanen/.npm/nan/1.8.4/package/package.json not in flight; writing
173 verbose correctMkdir /Users/ptoivanen/.npm correctMkdir not in flight; initializing
174 verbose afterAdd /Users/ptoivanen/.npm/nan/1.8.4/package/package.json written
175 silly loadAllDepsIntoIdealTree Finishing
176 silly idealTree:prePrune nyymi
176 silly idealTree:prePrune ├── caseless@0.9.0
176 silly idealTree:prePrune ├── hangar-factory-girl@0.1.3
176 silly idealTree:prePrune ├── http-sync@0.1.2
176 silly idealTree:prePrune ├── nan@1.8.4
176 silly idealTree:prePrune └── pluralize@1.2.1
177 silly loadIdealTree Finishing
178 silly currentTree nyymi
178 silly currentTree └── pluralize@1.2.1
179 silly idealTree nyymi
179 silly idealTree ├── caseless@0.9.0
179 silly idealTree ├── hangar-factory-girl@0.1.3
179 silly idealTree ├── http-sync@0.1.2
179 silly idealTree ├── nan@1.8.4
179 silly idealTree └── pluralize@1.2.1
180 silly generateActionsToTake Starting
181 silly install generateActionsToTake
182 silly generateActionsToTake Finishing
183 silly diffTrees action count 4
184 silly diffTrees add caseless@0.9.0
185 silly diffTrees add nan@1.8.4
186 silly diffTrees add http-sync@0.1.2
187 silly diffTrees add hangar-factory-girl@0.1.3
188 silly decomposeActions action count 32
189 silly decomposeActions fetch caseless@0.9.0
190 silly decomposeActions extract caseless@0.9.0
191 silly decomposeActions test caseless@0.9.0
192 silly decomposeActions preinstall caseless@0.9.0
193 silly decomposeActions build caseless@0.9.0
194 silly decomposeActions install caseless@0.9.0
195 silly decomposeActions postinstall caseless@0.9.0
196 silly decomposeActions finalize caseless@0.9.0
197 silly decomposeActions fetch nan@1.8.4
198 silly decomposeActions extract nan@1.8.4
199 silly decomposeActions test nan@1.8.4
200 silly decomposeActions preinstall nan@1.8.4
201 silly decomposeActions build nan@1.8.4
202 silly decomposeActions install nan@1.8.4
203 silly decomposeActions postinstall nan@1.8.4
204 silly decomposeActions finalize nan@1.8.4
205 silly decomposeActions fetch http-sync@0.1.2
206 silly decomposeActions extract http-sync@0.1.2
207 silly decomposeActions test http-sync@0.1.2
208 silly decomposeActions preinstall http-sync@0.1.2
209 silly decomposeActions build http-sync@0.1.2
210 silly decomposeActions install http-sync@0.1.2
211 silly decomposeActions postinstall http-sync@0.1.2
212 silly decomposeActions finalize http-sync@0.1.2
213 silly decomposeActions fetch hangar-factory-girl@0.1.3
214 silly decomposeActions extract hangar-factory-girl@0.1.3
215 silly decomposeActions test hangar-factory-girl@0.1.3
216 silly decomposeActions preinstall hangar-factory-girl@0.1.3
217 silly decomposeActions build hangar-factory-girl@0.1.3
218 silly decomposeActions install hangar-factory-girl@0.1.3
219 silly decomposeActions postinstall hangar-factory-girl@0.1.3
220 silly decomposeActions finalize hangar-factory-girl@0.1.3
221 silly executeActions Starting
222 silly install executeActions
223 silly doSerial global-install 0
224 silly doParallel fetch 4
225 verbose correctMkdir /Users/ptoivanen/.npm/_locks correctMkdir not in flight; initializing
226 verbose lock using /Users/ptoivanen/.npm/_locks/staging-dac8e1eb375661cb.lock for /Users/ptoivanen/nyymi/node_modules/.staging
227 silly doParallel extract 4
228 silly extract caseless@0.9.0
229 silly extract nan@1.8.4
230 silly extract http-sync@0.1.2
231 silly extract hangar-factory-girl@0.1.3
232 verbose unbuild node_modules/.staging/caseless-0be48a85
233 verbose unbuild node_modules/.staging/nan-555aa032
234 verbose unbuild node_modules/.staging/hangar-factory-girl-0f6f85d5
235 verbose unbuild node_modules/.staging/http-sync-f3caf202
236 silly gentlyRm /Users/ptoivanen/nyymi/node_modules/.staging/caseless-0be48a85 is being purged from base /Users/ptoivanen/nyymi
237 verbose gentlyRm don't care about contents; nuking /Users/ptoivanen/nyymi/node_modules/.staging/caseless-0be48a85
238 silly gentlyRm /Users/ptoivanen/nyymi/node_modules/.staging/nan-555aa032 is being purged from base /Users/ptoivanen/nyymi
239 verbose gentlyRm don't care about contents; nuking /Users/ptoivanen/nyymi/node_modules/.staging/nan-555aa032
240 silly gentlyRm /Users/ptoivanen/nyymi/node_modules/.staging/hangar-factory-girl-0f6f85d5 is being purged from base /Users/ptoivanen/nyymi
241 verbose gentlyRm don't care about contents; nuking /Users/ptoivanen/nyymi/node_modules/.staging/hangar-factory-girl-0f6f85d5
242 silly gentlyRm /Users/ptoivanen/nyymi/node_modules/.staging/http-sync-f3caf202 is being purged from base /Users/ptoivanen/nyymi
243 verbose gentlyRm don't care about contents; nuking /Users/ptoivanen/nyymi/node_modules/.staging/http-sync-f3caf202
244 verbose tar unpack /Users/ptoivanen/.npm/caseless/0.9.0/package.tgz
245 verbose tar unpacking to /Users/ptoivanen/nyymi/node_modules/.staging/caseless-0be48a85
246 silly gentlyRm /Users/ptoivanen/nyymi/node_modules/.staging/caseless-0be48a85 is being purged
247 verbose gentlyRm don't care about contents; nuking /Users/ptoivanen/nyymi/node_modules/.staging/caseless-0be48a85
248 verbose tar unpack /Users/ptoivanen/.npm/nan/1.8.4/package.tgz
249 verbose tar unpacking to /Users/ptoivanen/nyymi/node_modules/.staging/nan-555aa032
250 silly gentlyRm /Users/ptoivanen/nyymi/node_modules/.staging/nan-555aa032 is being purged
251 verbose gentlyRm don't care about contents; nuking /Users/ptoivanen/nyymi/node_modules/.staging/nan-555aa032
252 verbose tar unpack /Users/ptoivanen/.npm/hangar-factory-girl/0.1.3/package.tgz
253 verbose tar unpacking to /Users/ptoivanen/nyymi/node_modules/.staging/hangar-factory-girl-0f6f85d5
254 silly gentlyRm /Users/ptoivanen/nyymi/node_modules/.staging/hangar-factory-girl-0f6f85d5 is being purged
255 verbose gentlyRm don't care about contents; nuking /Users/ptoivanen/nyymi/node_modules/.staging/hangar-factory-girl-0f6f85d5
256 verbose tar unpack /Users/ptoivanen/.npm/http-sync/0.1.2/package.tgz
257 verbose tar unpacking to /Users/ptoivanen/nyymi/node_modules/.staging/http-sync-f3caf202
258 silly gentlyRm /Users/ptoivanen/nyymi/node_modules/.staging/http-sync-f3caf202 is being purged
259 verbose gentlyRm don't care about contents; nuking /Users/ptoivanen/nyymi/node_modules/.staging/http-sync-f3caf202
260 silly gunzTarPerm modes [ '755', '644' ]
261 silly gunzTarPerm modes [ '755', '644' ]
262 silly gunzTarPerm modes [ '755', '644' ]
263 silly gunzTarPerm modes [ '755', '644' ]
264 silly gunzTarPerm extractEntry package.json
265 silly gunzTarPerm extractEntry package.json
266 silly gunzTarPerm modified mode [ 'package.json', 436, 420 ]
267 silly gunzTarPerm extractEntry package.json
268 silly gunzTarPerm extractEntry package.json
269 silly gunzTarPerm extractEntry README.md
270 silly gunzTarPerm extractEntry index.js
271 silly gunzTarPerm extractEntry .npmignore
272 silly gunzTarPerm extractEntry README.md
273 silly gunzTarPerm extractEntry .npmignore
274 silly gunzTarPerm extractEntry README.md
275 silly gunzTarPerm extractEntry README.md
276 silly gunzTarPerm modified mode [ 'README.md', 436, 420 ]
277 silly gunzTarPerm extractEntry include_dirs.js
278 silly gunzTarPerm modified mode [ 'include_dirs.js', 436, 420 ]
279 silly gunzTarPerm extractEntry LICENCE
280 silly gunzTarPerm extractEntry hangar-factory-girl.js
281 silly gunzTarPerm extractEntry test.js
282 silly gunzTarPerm extractEntry http-sync.js
283 silly gunzTarPerm extractEntry test_require.js
284 silly gunzTarPerm extractEntry LICENSE.md
285 silly gunzTarPerm modified mode [ 'LICENSE.md', 436, 420 ]
286 silly gunzTarPerm extractEntry .dntrc
287 silly gunzTarPerm modified mode [ '.dntrc', 436, 420 ]
288 silly gunzTarPerm extractEntry appveyor.yml
289 silly gunzTarPerm modified mode [ 'appveyor.yml', 436, 420 ]
290 silly gunzTarPerm extractEntry nan.h
291 silly gunzTarPerm modified mode [ 'nan.h', 436, 420 ]
292 silly gunzTarPerm extractEntry nan_implementation_12_inl.h
293 silly gunzTarPerm modified mode [ 'nan_implementation_12_inl.h', 436, 420 ]
294 silly gunzTarPerm extractEntry nan_implementation_pre_12_inl.h
295 silly gunzTarPerm modified mode [ 'nan_implementation_pre_12_inl.h', 436, 420 ]
296 silly gunzTarPerm extractEntry test.js
297 silly gunzTarPerm extractEntry curllib.cc
298 silly gunzTarPerm extractEntry nan_new.h
299 silly gunzTarPerm modified mode [ 'nan_new.h', 436, 420 ]
300 silly gunzTarPerm extractEntry nan_string_bytes.h
301 silly gunzTarPerm modified mode [ 'nan_string_bytes.h', 436, 420 ]
302 silly gunzTarPerm extractEntry .travis.yml
303 silly gunzTarPerm extractEntry CHANGELOG.md
304 silly gunzTarPerm modified mode [ 'CHANGELOG.md', 436, 420 ]
305 silly gunzTarPerm extractEntry License
306 silly gunzTarPerm extractEntry package.json~
307 silly gunzTarPerm extractEntry test/index.js
308 silly gunzTarPerm extractEntry test/echo-server
309 silly gentlyRm /Users/ptoivanen/nyymi/node_modules/.staging/caseless-0be48a85/node_modules is being purged
310 verbose gentlyRm don't care about contents; nuking /Users/ptoivanen/nyymi/node_modules/.staging/caseless-0be48a85/node_modules
311 silly gunzTarPerm extractEntry test/index.js~
312 silly gunzTarPerm extractEntry binding.gyp
313 silly gentlyRm /Users/ptoivanen/nyymi/node_modules/.staging/hangar-factory-girl-0f6f85d5/node_modules is being purged
314 verbose gentlyRm don't care about contents; nuking /Users/ptoivanen/nyymi/node_modules/.staging/hangar-factory-girl-0f6f85d5/node_modules
315 silly gunzTarPerm extractEntry wscript
316 silly gentlyRm /Users/ptoivanen/nyymi/node_modules/.staging/nan-555aa032/node_modules is being purged
317 verbose gentlyRm don't care about contents; nuking /Users/ptoivanen/nyymi/node_modules/.staging/nan-555aa032/node_modules
318 silly gentlyRm /Users/ptoivanen/nyymi/node_modules/.staging/http-sync-f3caf202/node_modules is being purged
319 verbose gentlyRm don't care about contents; nuking /Users/ptoivanen/nyymi/node_modules/.staging/http-sync-f3caf202/node_modules
320 silly doParallel preinstall 4
321 silly preinstall caseless@0.9.0 /Users/ptoivanen/nyymi/node_modules/.staging/caseless-0be48a85
322 info lifecycle caseless@0.9.0~preinstall: caseless@0.9.0
323 silly preinstall nan@1.8.4 /Users/ptoivanen/nyymi/node_modules/.staging/nan-555aa032
324 info lifecycle nan@1.8.4~preinstall: nan@1.8.4
325 silly preinstall http-sync@0.1.2 /Users/ptoivanen/nyymi/node_modules/.staging/http-sync-f3caf202
326 info lifecycle http-sync@0.1.2~preinstall: http-sync@0.1.2
327 silly preinstall hangar-factory-girl@0.1.3 /Users/ptoivanen/nyymi/node_modules/.staging/hangar-factory-girl-0f6f85d5
328 info lifecycle hangar-factory-girl@0.1.3~preinstall: hangar-factory-girl@0.1.3
329 silly lifecycle caseless@0.9.0~preinstall: no script for preinstall, continuing
330 silly lifecycle nan@1.8.4~preinstall: no script for preinstall, continuing
331 silly lifecycle http-sync@0.1.2~preinstall: no script for preinstall, continuing
332 silly lifecycle hangar-factory-girl@0.1.3~preinstall: no script for preinstall, continuing
333 silly doReverseSerial remove 0
334 silly doSerial move 0
335 silly doSerial finalize 4
336 silly finalize /Users/ptoivanen/nyymi/node_modules/caseless
337 silly finalize /Users/ptoivanen/nyymi/node_modules/nan
338 silly finalize /Users/ptoivanen/nyymi/node_modules/http-sync
339 silly finalize /Users/ptoivanen/nyymi/node_modules/hangar-factory-girl
340 silly doSerial build 4
341 silly build caseless@0.9.0
342 info linkStuff caseless@0.9.0
343 silly linkStuff caseless@0.9.0 has /Users/ptoivanen/nyymi/node_modules as its parent node_modules
344 verbose linkBins caseless@0.9.0
345 verbose linkMans caseless@0.9.0
346 silly build nan@1.8.4
347 info linkStuff nan@1.8.4
348 silly linkStuff nan@1.8.4 has /Users/ptoivanen/nyymi/node_modules as its parent node_modules
349 verbose linkBins nan@1.8.4
350 verbose linkMans nan@1.8.4
351 silly build http-sync@0.1.2
352 info linkStuff http-sync@0.1.2
353 silly linkStuff http-sync@0.1.2 has /Users/ptoivanen/nyymi/node_modules as its parent node_modules
354 verbose linkBins http-sync@0.1.2
355 verbose linkMans http-sync@0.1.2
356 silly build hangar-factory-girl@0.1.3
357 info linkStuff hangar-factory-girl@0.1.3
358 silly linkStuff hangar-factory-girl@0.1.3 has /Users/ptoivanen/nyymi/node_modules as its parent node_modules
359 verbose linkBins hangar-factory-girl@0.1.3
360 verbose linkMans hangar-factory-girl@0.1.3
361 silly doSerial global-link 0
362 silly doParallel update-linked 0
363 silly doSerial install 4
364 silly install caseless@0.9.0 /Users/ptoivanen/nyymi/node_modules/.staging/caseless-0be48a85
365 info lifecycle caseless@0.9.0~install: caseless@0.9.0
366 silly lifecycle caseless@0.9.0~install: no script for install, continuing
367 silly install nan@1.8.4 /Users/ptoivanen/nyymi/node_modules/.staging/nan-555aa032
368 info lifecycle nan@1.8.4~install: nan@1.8.4
369 silly lifecycle nan@1.8.4~install: no script for install, continuing
370 silly install http-sync@0.1.2 /Users/ptoivanen/nyymi/node_modules/.staging/http-sync-f3caf202
371 info lifecycle http-sync@0.1.2~install: http-sync@0.1.2
372 verbose lifecycle http-sync@0.1.2~install: unsafe-perm in lifecycle true
373 verbose lifecycle http-sync@0.1.2~install: PATH: /usr/local/lib/node_modules/npm/bin/node-gyp-bin:/Users/ptoivanen/nyymi/node_modules/http-sync/node_modules/.bin:/Users/ptoivanen/nyymi/node_modules/.bin:/usr/local/Cellar/node/5.10.1/bin:/Users/ptoivanen/.rbenv/shims:/usr/local/bin:/Users/ptoivanen/Downloads/gradle-2.6/bin:/usr/local/bin:/usr/bin:/bin:/usr/sbin:/sbin:/opt/X11/bin:/opt/ImageMagick/bin
374 verbose lifecycle http-sync@0.1.2~install: CWD: /Users/ptoivanen/nyymi/node_modules/http-sync
375 silly lifecycle http-sync@0.1.2~install: Args: [ '-c', 'node-gyp rebuild' ]
376 silly lifecycle http-sync@0.1.2~install: Returned: code: 1  signal: null
377 info lifecycle http-sync@0.1.2~install: Failed to exec install script
378 verbose unlock done using /Users/ptoivanen/.npm/_locks/staging-dac8e1eb375661cb.lock for /Users/ptoivanen/nyymi/node_modules/.staging
379 silly rollbackFailedOptional Starting
380 silly rollbackFailedOptional Finishing
381 silly runTopLevelLifecycles Starting
382 silly runTopLevelLifecycles Finishing
383 silly install printInstalled
384 warn enoent ENOENT: no such file or directory, open '/Users/ptoivanen/nyymi/package.json'
385 warn nyymi No description
386 warn nyymi No repository field.
387 warn nyymi No README data
388 warn nyymi No license field.
389 verbose stack Error: http-sync@0.1.2 install: `node-gyp rebuild`
389 verbose stack Exit status 1
389 verbose stack     at EventEmitter.<anonymous> (/usr/local/lib/node_modules/npm/lib/utils/lifecycle.js:239:16)
389 verbose stack     at emitTwo (events.js:100:13)
389 verbose stack     at EventEmitter.emit (events.js:185:7)
389 verbose stack     at ChildProcess.<anonymous> (/usr/local/lib/node_modules/npm/lib/utils/spawn.js:24:14)
389 verbose stack     at emitTwo (events.js:100:13)
389 verbose stack     at ChildProcess.emit (events.js:185:7)
389 verbose stack     at maybeClose (internal/child_process.js:850:16)
389 verbose stack     at Process.ChildProcess._handle.onexit (internal/child_process.js:215:5)
390 verbose pkgid http-sync@0.1.2
391 verbose cwd /Users/ptoivanen/nyymi/protractors
392 error Darwin 14.5.0
393 error argv "/usr/local/Cellar/node/5.10.1/bin/node" "/usr/local/bin/npm" "install" "hangar-factory-girl"
394 error node v5.10.1
395 error npm  v3.8.6
396 error code ELIFECYCLE
397 error http-sync@0.1.2 install: `node-gyp rebuild`
397 error Exit status 1
398 error Failed at the http-sync@0.1.2 install script 'node-gyp rebuild'.
398 error Make sure you have the latest version of node.js and npm installed.
398 error If you do, this is most likely a problem with the http-sync package,
398 error not with npm itself.
398 error Tell the author that this fails on your system:
398 error     node-gyp rebuild
398 error You can get information on how to open an issue for this project with:
398 error     npm bugs http-sync
398 error Or if that isn't available, you can get their info via:
398 error     npm owner ls http-sync
398 error There is likely additional logging output above.
399 verbose exit [ 1, true ]
